<?xml version="1.0" encoding="UTF-8"?>
<testsuites name="jest tests" tests="1" failures="0" errors="0" time="1.142">
  <testsuite name="undefined" errors="0" failures="0" skipped="0" timestamp="2024-09-30T01:09:03" time="0.818" tests="1">
    <testcase classname=" renders the login page header" name=" renders the login page header" time="0.059">
    </testcase>
  </testsuite>
</testsuites>