<?xml version="1.0" encoding="UTF-8"?>
<testsuites name="jest tests" tests="9" failures="0" errors="0" time="1.72">
  <testsuite name="undefined" errors="0" failures="0" skipped="0" timestamp="2024-10-06T12:54:14" time="0.703" tests="4">
    <testcase classname=" renders loading state" name=" renders loading state" time="0.019">
    </testcase>
    <testcase classname=" renders login prompt if user is not logged in" name=" renders login prompt if user is not logged in" time="0.044">
    </testcase>
    <testcase classname=" renders task list when tasks are fetched" name=" renders task list when tasks are fetched" time="0.063">
    </testcase>
    <testcase classname=" allows user to access the edit task form" name=" allows user to access the edit task form" time="0.021">
    </testcase>
  </testsuite>
  <testsuite name="undefined" errors="0" failures="0" skipped="0" timestamp="2024-10-06T12:54:15" time="0.303" tests="1">
    <testcase classname=" renders the login page header" name=" renders the login page header" time="0.024">
    </testcase>
  </testsuite>
  <testsuite name="undefined" errors="0" failures="0" skipped="0" timestamp="2024-10-06T12:54:15" time="0.345" tests="4">
    <testcase classname=" renders ArchivePage with projects and their archived tasks" name=" renders ArchivePage with projects and their archived tasks" time="0.037">
    </testcase>
    <testcase classname=" searches and filters archived tasks using SearchBar" name=" searches and filters archived tasks using SearchBar" time="0.013">
    </testcase>
    <testcase classname=" sorts archived tasks by priority using SearchBar" name=" sorts archived tasks by priority using SearchBar" time="0.017">
    </testcase>
    <testcase classname=" calls deleteTask when delete button is clicked in ArchivePage" name=" calls deleteTask when delete button is clicked in ArchivePage" time="0.008">
    </testcase>
  </testsuite>
</testsuites>