<?xml version="1.0" encoding="UTF-8"?>
<testsuites name="jest tests" tests="8" failures="0" errors="0" time="2.511">
  <testsuite name="undefined" errors="0" failures="0" skipped="0" timestamp="2024-10-27T06:12:07" time="1.291" tests="3">
    <testcase classname=" renders loading state" name=" renders loading state" time="0.013">
    </testcase>
    <testcase classname=" renders login prompt if user is not logged in" name=" renders login prompt if user is not logged in" time="0.048">
    </testcase>
    <testcase classname=" renders task list when tasks are fetched" name=" renders task list when tasks are fetched" time="0.06">
    </testcase>
  </testsuite>
  <testsuite name="undefined" errors="0" failures="0" skipped="0" timestamp="2024-10-27T06:12:08" time="0.537" tests="1">
    <testcase classname=" renders the login page header" name=" renders the login page header" time="0.026">
    </testcase>
  </testsuite>
  <testsuite name="undefined" errors="0" failures="0" skipped="0" timestamp="2024-10-27T06:12:09" time="0.306" tests="4">
    <testcase classname=" renders ArchivePage with projects and their archived tasks" name=" renders ArchivePage with projects and their archived tasks" time="0.034">
    </testcase>
    <testcase classname=" searches and filters archived tasks using SearchBar" name=" searches and filters archived tasks using SearchBar" time="0.013">
    </testcase>
    <testcase classname=" sorts archived tasks by priority using SearchBar" name=" sorts archived tasks by priority using SearchBar" time="0.028">
    </testcase>
    <testcase classname=" calls deleteTask when delete button is clicked in ArchivePage" name=" calls deleteTask when delete button is clicked in ArchivePage" time="0.007">
    </testcase>
  </testsuite>
</testsuites>