<?xml version="1.0" encoding="UTF-8"?>
<testsuites name="jest tests" tests="9" failures="1" errors="0" time="22.425">
  <testsuite name="undefined" errors="0" failures="1" skipped="0" timestamp="2024-10-23T11:58:29" time="18.605" tests="4">
    <testcase classname=" renders loading state" name=" renders loading state" time="0.072">
    </testcase>
    <testcase classname=" renders login prompt if user is not logged in" name=" renders login prompt if user is not logged in" time="0.235">
    </testcase>
    <testcase classname=" renders task list when tasks are fetched" name=" renders task list when tasks are fetched" time="0.636">
    </testcase>
    <testcase classname=" allows user to access the edit task form" name=" allows user to access the edit task form" time="0.272">
      <failure>Error: expect(jest.fn()).toHaveBeenCalledWith(...expected)

Expected: 1, ObjectContaining {&quot;description&quot;: &quot;Description 1&quot;, &quot;due_date&quot;: Any&lt;String&gt;, &quot;priority&quot;: &quot;Medium&quot;, &quot;start_date&quot;: Any&lt;String&gt;, &quot;title&quot;: &quot;Updated Task 1&quot;}
Received: 1, {&quot;archived_at&quot;: null, &quot;description&quot;: &quot;Description 1&quot;, &quot;due_date&quot;: &quot;2023-10-02T00:00:00.000Z&quot;, &quot;is_archived&quot;: false, &quot;owner&quot;: &quot;1&quot;, &quot;priority&quot;: &quot;Medium&quot;, &quot;project&quot;: &quot;1&quot;, &quot;repeat_interval&quot;: null, &quot;start_date&quot;: &quot;2023-10-01T00:00:00.000Z&quot;, &quot;status&quot;: false, &quot;title&quot;: &quot;Updated Task 1&quot;}, null

Number of calls: 1
    at call (/Users/alexnosatti/Desktop/ /Uni/4th Year/Spring/IT/ASD/Taskbee/Code/ASD-G7-Frontend/src/TaskPage.test.js:152:22)
    at tryCatch (/Users/alexnosatti/Desktop/ /Uni/4th Year/Spring/IT/ASD/Taskbee/Code/ASD-G7-Frontend/src/TaskPage.test.js:2:1)
    at Generator._invoke (/Users/alexnosatti/Desktop/ /Uni/4th Year/Spring/IT/ASD/Taskbee/Code/ASD-G7-Frontend/src/TaskPage.test.js:2:1)
    at Generator.next (/Users/alexnosatti/Desktop/ /Uni/4th Year/Spring/IT/ASD/Taskbee/Code/ASD-G7-Frontend/src/TaskPage.test.js:2:1)
    at asyncGeneratorStep (/Users/alexnosatti/Desktop/ /Uni/4th Year/Spring/IT/ASD/Taskbee/Code/ASD-G7-Frontend/src/TaskPage.test.js:2:1)
    at _next (/Users/alexnosatti/Desktop/ /Uni/4th Year/Spring/IT/ASD/Taskbee/Code/ASD-G7-Frontend/src/TaskPage.test.js:2:1)
    at /Users/alexnosatti/Desktop/ /Uni/4th Year/Spring/IT/ASD/Taskbee/Code/ASD-G7-Frontend/src/TaskPage.test.js:2:1
    at new Promise (&lt;anonymous&gt;)
    at Object.&lt;anonymous&gt; (/Users/alexnosatti/Desktop/ /Uni/4th Year/Spring/IT/ASD/Taskbee/Code/ASD-G7-Frontend/src/TaskPage.test.js:2:1)
    at Promise.then.completed (/Users/alexnosatti/Desktop/ /Uni/4th Year/Spring/IT/ASD/Taskbee/Code/ASD-G7-Frontend/node_modules/jest-circus/build/utils.js:391:28)
    at new Promise (&lt;anonymous&gt;)
    at callAsyncCircusFn (/Users/alexnosatti/Desktop/ /Uni/4th Year/Spring/IT/ASD/Taskbee/Code/ASD-G7-Frontend/node_modules/jest-circus/build/utils.js:316:10)
    at _callCircusTest (/Users/alexnosatti/Desktop/ /Uni/4th Year/Spring/IT/ASD/Taskbee/Code/ASD-G7-Frontend/node_modules/jest-circus/build/run.js:218:40)
    at processTicksAndRejections (node:internal/process/task_queues:95:5)
    at _runTest (/Users/alexnosatti/Desktop/ /Uni/4th Year/Spring/IT/ASD/Taskbee/Code/ASD-G7-Frontend/node_modules/jest-circus/build/run.js:155:3)
    at _runTestsForDescribeBlock (/Users/alexnosatti/Desktop/ /Uni/4th Year/Spring/IT/ASD/Taskbee/Code/ASD-G7-Frontend/node_modules/jest-circus/build/run.js:66:9)
    at run (/Users/alexnosatti/Desktop/ /Uni/4th Year/Spring/IT/ASD/Taskbee/Code/ASD-G7-Frontend/node_modules/jest-circus/build/run.js:25:3)
    at runAndTransformResultsToJestFormat (/Users/alexnosatti/Desktop/ /Uni/4th Year/Spring/IT/ASD/Taskbee/Code/ASD-G7-Frontend/node_modules/jest-circus/build/legacy-code-todo-rewrite/jestAdapterInit.js:170:21)
    at jestAdapter (/Users/alexnosatti/Desktop/ /Uni/4th Year/Spring/IT/ASD/Taskbee/Code/ASD-G7-Frontend/node_modules/jest-circus/build/legacy-code-todo-rewrite/jestAdapter.js:82:19)
    at runTestInternal (/Users/alexnosatti/Desktop/ /Uni/4th Year/Spring/IT/ASD/Taskbee/Code/ASD-G7-Frontend/node_modules/jest-runner/build/runTest.js:389:16)
    at runTest (/Users/alexnosatti/Desktop/ /Uni/4th Year/Spring/IT/ASD/Taskbee/Code/ASD-G7-Frontend/node_modules/jest-runner/build/runTest.js:475:34)
    at Object.worker (/Users/alexnosatti/Desktop/ /Uni/4th Year/Spring/IT/ASD/Taskbee/Code/ASD-G7-Frontend/node_modules/jest-runner/build/testWorker.js:133:12)</failure>
    </testcase>
  </testsuite>
  <testsuite name="undefined" errors="0" failures="0" skipped="0" timestamp="2024-10-23T11:58:29" time="18.821" tests="4">
    <testcase classname=" renders ArchivePage with projects and their archived tasks" name=" renders ArchivePage with projects and their archived tasks" time="0.656">
    </testcase>
    <testcase classname=" searches and filters archived tasks using SearchBar" name=" searches and filters archived tasks using SearchBar" time="0.185">
    </testcase>
    <testcase classname=" sorts archived tasks by priority using SearchBar" name=" sorts archived tasks by priority using SearchBar" time="0.45">
    </testcase>
    <testcase classname=" calls deleteTask when delete button is clicked in ArchivePage" name=" calls deleteTask when delete button is clicked in ArchivePage" time="0.127">
    </testcase>
  </testsuite>
  <testsuite name="undefined" errors="0" failures="0" skipped="0" timestamp="2024-10-23T11:58:29" time="19.808" tests="1">
    <testcase classname=" renders the login page header" name=" renders the login page header" time="0.153">
    </testcase>
  </testsuite>
</testsuites>